<?xml version="1.0" encoding="UTF-8"?>
<!-- Generated by org.testng.reporters.JUnitXMLReporter -->
<testsuite ignored="0" hostname="LAPTOP-K546KIRN" failures="0" tests="5" name="Command line test" time="36.981" errors="0" timestamp="2023-06-05T20:30:35 PDT">
  <testcase classname="com.automation.test.CartPageValidationTest" name="verifyUserCanRemoveItemFromCart" time="20.696"/>
  <testcase classname="com.automation.test.LoginTest" name="verifyUserCanLogin" time="0.416"/>
  <testcase classname="com.automation.test.LoginTest" name="verifyUserCanLogout" time="0.833"/>
  <testcase classname="com.automation.test.LoginTest" name="verifyUserCannotLoginWithInvalidCred" time="0.299"/>
  <testcase classname="com.automation.test.OrderConfirmationTest" name="orderConfirmation" time="0.914"/>
</testsuite> <!-- Command line test -->
