<?xml version="1.0" encoding="UTF-8"?>
<testng-results ignored="0" total="5" passed="5" failed="0" skipped="0">
  <reporter-output>
  </reporter-output>
  <suite started-at="2023-06-05T20:29:58 PDT" name="Command line suite" finished-at="2023-06-05T20:30:35 PDT" duration-ms="36981">
    <groups>
    </groups>
    <test started-at="2023-06-05T20:29:58 PDT" name="Command line test" finished-at="2023-06-05T20:30:35 PDT" duration-ms="36981">
      <class name="com.automation.test.LoginTest">
        <test-method is-config="true" signature="setUp()[pri:0, instance:com.automation.test.LoginTest@2898ac89]" started-at="2023-06-05T20:30:23 PDT" name="setUp" finished-at="2023-06-05T20:30:25 PDT" duration-ms="2228" status="PASS">
          <reporter-output>
          </reporter-output>
        </test-method> <!-- setUp -->
        <test-method signature="verifyUserCanLogin()[pri:0, instance:com.automation.test.LoginTest@2898ac89]" started-at="2023-06-05T20:30:25 PDT" name="verifyUserCanLogin" finished-at="2023-06-05T20:30:26 PDT" duration-ms="416" status="PASS">
          <reporter-output>
          </reporter-output>
        </test-method> <!-- verifyUserCanLogin -->
        <test-method is-config="true" signature="cleanUp()[pri:0, instance:com.automation.test.LoginTest@2898ac89]" started-at="2023-06-05T20:30:26 PDT" name="cleanUp" finished-at="2023-06-05T20:30:26 PDT" duration-ms="288" status="PASS">
          <reporter-output>
          </reporter-output>
        </test-method> <!-- cleanUp -->
        <test-method is-config="true" signature="setUp()[pri:0, instance:com.automation.test.LoginTest@2898ac89]" started-at="2023-06-05T20:30:26 PDT" name="setUp" finished-at="2023-06-05T20:30:28 PDT" duration-ms="2101" status="PASS">
          <reporter-output>
          </reporter-output>
        </test-method> <!-- setUp -->
        <test-method signature="verifyUserCanLogout()[pri:0, instance:com.automation.test.LoginTest@2898ac89]" started-at="2023-06-05T20:30:28 PDT" name="verifyUserCanLogout" finished-at="2023-06-05T20:30:29 PDT" duration-ms="833" status="PASS">
          <reporter-output>
          </reporter-output>
        </test-method> <!-- verifyUserCanLogout -->
        <test-method is-config="true" signature="cleanUp()[pri:0, instance:com.automation.test.LoginTest@2898ac89]" started-at="2023-06-05T20:30:29 PDT" name="cleanUp" finished-at="2023-06-05T20:30:29 PDT" duration-ms="298" status="PASS">
          <reporter-output>
          </reporter-output>
        </test-method> <!-- cleanUp -->
        <test-method is-config="true" signature="setUp()[pri:0, instance:com.automation.test.LoginTest@2898ac89]" started-at="2023-06-05T20:30:29 PDT" name="setUp" finished-at="2023-06-05T20:30:31 PDT" duration-ms="2239" status="PASS">
          <reporter-output>
          </reporter-output>
        </test-method> <!-- setUp -->
        <test-method signature="verifyUserCannotLoginWithInvalidCred()[pri:0, instance:com.automation.test.LoginTest@2898ac89]" started-at="2023-06-05T20:30:31 PDT" name="verifyUserCannotLoginWithInvalidCred" finished-at="2023-06-05T20:30:32 PDT" duration-ms="299" status="PASS">
          <reporter-output>
          </reporter-output>
        </test-method> <!-- verifyUserCannotLoginWithInvalidCred -->
        <test-method is-config="true" signature="cleanUp()[pri:0, instance:com.automation.test.LoginTest@2898ac89]" started-at="2023-06-05T20:30:32 PDT" name="cleanUp" finished-at="2023-06-05T20:30:32 PDT" duration-ms="302" status="PASS">
          <reporter-output>
          </reporter-output>
        </test-method> <!-- cleanUp -->
      </class> <!-- com.automation.test.LoginTest -->
      <class name="com.automation.test.CartPageValidationTest">
        <test-method is-config="true" signature="setUp()[pri:0, instance:com.automation.test.CartPageValidationTest@6e509ffa]" started-at="2023-06-05T20:29:58 PDT" name="setUp" finished-at="2023-06-05T20:30:02 PDT" duration-ms="3778" status="PASS">
          <reporter-output>
          </reporter-output>
        </test-method> <!-- setUp -->
        <test-method signature="verifyUserCanRemoveItemFromCart()[pri:0, instance:com.automation.test.CartPageValidationTest@6e509ffa]" started-at="2023-06-05T20:30:02 PDT" name="verifyUserCanRemoveItemFromCart" finished-at="2023-06-05T20:30:23 PDT" duration-ms="20696" status="PASS">
          <reporter-output>
          </reporter-output>
        </test-method> <!-- verifyUserCanRemoveItemFromCart -->
        <test-method is-config="true" signature="cleanUp()[pri:0, instance:com.automation.test.CartPageValidationTest@6e509ffa]" started-at="2023-06-05T20:30:23 PDT" name="cleanUp" finished-at="2023-06-05T20:30:23 PDT" duration-ms="186" status="PASS">
          <reporter-output>
          </reporter-output>
        </test-method> <!-- cleanUp -->
      </class> <!-- com.automation.test.CartPageValidationTest -->
      <class name="com.automation.test.OrderConfirmationTest">
        <test-method is-config="true" signature="setUp()[pri:0, instance:com.automation.test.OrderConfirmationTest@683dbc2c]" started-at="2023-06-05T20:30:32 PDT" name="setUp" finished-at="2023-06-05T20:30:34 PDT" duration-ms="2027" status="PASS">
          <reporter-output>
          </reporter-output>
        </test-method> <!-- setUp -->
        <test-method signature="orderConfirmation()[pri:0, instance:com.automation.test.OrderConfirmationTest@683dbc2c]" started-at="2023-06-05T20:30:34 PDT" name="orderConfirmation" finished-at="2023-06-05T20:30:35 PDT" duration-ms="914" status="PASS">
          <reporter-output>
          </reporter-output>
        </test-method> <!-- orderConfirmation -->
        <test-method is-config="true" signature="cleanUp()[pri:0, instance:com.automation.test.OrderConfirmationTest@683dbc2c]" started-at="2023-06-05T20:30:35 PDT" name="cleanUp" finished-at="2023-06-05T20:30:35 PDT" duration-ms="312" status="PASS">
          <reporter-output>
          </reporter-output>
        </test-method> <!-- cleanUp -->
      </class> <!-- com.automation.test.OrderConfirmationTest -->
    </test> <!-- Command line test -->
  </suite> <!-- Command line suite -->
</testng-results>
